  Grafika2.cpp
c:\users\antun mesar\source\repos\oprngl\grafika2\grafika2.cpp(80): warning C4244: 'argument': conversion from 'time_t' to 'unsigned int', possible loss of data
c:\users\antun mesar\source\repos\oprngl\grafika2\grafika2.cpp(155): warning C4244: '=': conversion from 'double' to 'float', possible loss of data
c:\users\antun mesar\source\repos\oprngl\grafika2\grafika2.cpp(156): warning C4244: '=': conversion from 'double' to 'float', possible loss of data
c:\users\antun mesar\source\repos\oprngl\grafika2\grafika2.cpp(157): warning C4244: '=': conversion from 'double' to 'float', possible loss of data
c:\users\antun mesar\source\repos\oprngl\grafika2\grafika2.cpp(160): warning C4244: '=': conversion from 'double' to 'float', possible loss of data
c:\users\antun mesar\source\repos\oprngl\grafika2\grafika2.cpp(190): warning C4305: '+=': truncation from 'double' to 'float'
c:\users\antun mesar\source\repos\oprngl\grafika2\grafika2.cpp(210): warning C4018: '<': signed/unsigned mismatch
c:\users\antun mesar\source\repos\oprngl\grafika2\grafika2.cpp(219): warning C4244: 'argument': conversion from 'double' to 'GLfloat', possible loss of data
c:\users\antun mesar\source\repos\oprngl\grafika2\grafika2.cpp(222): warning C4244: 'argument': conversion from 'double' to 'GLfloat', possible loss of data
c:\users\antun mesar\source\repos\oprngl\grafika2\grafika2.cpp(223): warning C4244: 'argument': conversion from 'double' to 'GLfloat', possible loss of data
c:\users\antun mesar\source\repos\oprngl\grafika2\grafika2.cpp(224): warning C4244: 'argument': conversion from 'double' to 'GLfloat', possible loss of data
c:\users\antun mesar\source\repos\oprngl\grafika2\grafika2.cpp(225): warning C4244: 'argument': conversion from 'double' to 'GLfloat', possible loss of data
c:\users\antun mesar\source\repos\oprngl\grafika2\grafika2.cpp(228): warning C4244: 'argument': conversion from 'double' to 'GLfloat', possible loss of data
c:\users\antun mesar\source\repos\oprngl\grafika2\grafika2.cpp(249): warning C4305: '+=': truncation from 'double' to 'float'
c:\users\antun mesar\source\repos\oprngl\grafika2\grafika2.cpp(250): warning C4305: '-=': truncation from 'double' to 'float'
  Generating code
  0 of 98 functions ( 0.0%) were compiled, the rest were copied from previous compilation.
    0 functions were new in current compilation
    0 functions had inline decision re-evaluated but remain unchanged
  Finished generating code
  Grafika2.vcxproj -> C:\Users\Antun Mesar\source\repos\oprnGL\Release\Grafika2.exe
